<?xml version="1.0" encoding="UTF-8"?>
<!-- Generated by org.testng.reporters.JUnitReportReporter -->
<testsuite hostname="DESKTOP-TGC0EHA" failures="0" tests="3" name="AmazonTests.AmazonTestBM" time="25.153" errors="0" timestamp="30 Oct 2022 06:49:49 GMT" skipped="0">
  <testcase classname="AmazonTests.AmazonTestBM" name="appPageUrlTest" time="6.793"/>
  <testcase classname="AmazonTests.AmazonTestBM" name="pageTitleTest" time="5.374"/>
  <testcase classname="AmazonTests.AmazonTestBM" name="seachBoxTest" time="12.986"/>
</testsuite> <!-- AmazonTests.AmazonTestBM -->
