<?xml version="1.0" encoding="UTF-8"?>
<!-- Generated by org.testng.reporters.JUnitReportReporter -->
<testsuite hostname="DESKTOP-TGC0EHA" failures="0" tests="3" name="AmazonTests.AmazonTestBM" time="24.922" errors="0" timestamp="30 Oct 2022 10:40:12 GMT" skipped="0">
  <testcase classname="AmazonTests.AmazonTestBM" name="appPageUrlTest" time="8.222"/>
  <testcase classname="AmazonTests.AmazonTestBM" name="seachBoxTest" time="8.603"/>
  <testcase classname="AmazonTests.AmazonTestBM" name="pageTitleTest" time="8.097"/>
</testsuite> <!-- AmazonTests.AmazonTestBM -->
