<?xml version="1.0" encoding="UTF-8"?>
<!-- Generated by org.testng.reporters.JUnitReportReporter -->
<testsuite hostname="DESKTOP-TGC0EHA" failures="0" tests="3" name="AmazonTests.AmazonTestBM" time="21.467" errors="0" timestamp="30 Oct 2022 09:19:54 GMT" skipped="0">
  <testcase classname="AmazonTests.AmazonTestBM" name="appPageUrlTest" time="4.879"/>
  <testcase classname="AmazonTests.AmazonTestBM" name="pageTitleTest" time="11.234"/>
  <testcase classname="AmazonTests.AmazonTestBM" name="seachBoxTest" time="5.354"/>
</testsuite> <!-- AmazonTests.AmazonTestBM -->
