<?xml version="1.0" encoding="UTF-8"?>
<!-- Generated by org.testng.reporters.JUnitReportReporter -->
<testsuite hostname="DESKTOP-TGC0EHA" failures="0" tests="3" name="AmazonTests.AmazonTestBM" time="23.509" errors="0" timestamp="30 Oct 2022 09:51:20 GMT" skipped="0">
  <testcase classname="AmazonTests.AmazonTestBM" name="appPageUrlTest" time="5.411"/>
  <testcase classname="AmazonTests.AmazonTestBM" name="seachBoxTest" time="6.153"/>
  <testcase classname="AmazonTests.AmazonTestBM" name="pageTitleTest" time="11.945"/>
</testsuite> <!-- AmazonTests.AmazonTestBM -->
